
/home/runner/work/exp-identify-regular-language-using-pumping-lemma-au/exp-identify-regular-language-using-pumping-lemma-au/experiment/simulation/js/index-Osya2Uws.js
    118:28  warning  Do not access Object.prototype method 'hasOwnProperty' from target object  no-prototype-builtins
    327:13  warning  Do not access Object.prototype method 'hasOwnProperty' from target object  no-prototype-builtins
    454:37  warning  Do not access Object.prototype method 'hasOwnProperty' from target object  no-prototype-builtins
    545:37  warning  'setImmediate' is not defined                                              no-undef
    803:5   warning  Unexpected combined character in character class                           no-misleading-character-class
    900:12  warning  Unnecessary escape character: \-                                           no-useless-escape
    936:14  warning  Do not access Object.prototype method 'hasOwnProperty' from target object  no-prototype-builtins
   1070:11  warning  Expected a conditional expression and instead saw an assignment            no-cond-assign
   1135:17  warning  Empty block statement                                                      no-empty
   1219:8   warning  Do not access Object.prototype method 'hasOwnProperty' from target object  no-prototype-builtins
   1312:5   warning  Do not access Object.prototype method 'hasOwnProperty' from target object  no-prototype-builtins
   1314:9   warning  Do not access Object.prototype method 'hasOwnProperty' from target object  no-prototype-builtins
   1320:9   warning  Do not access Object.prototype method 'hasOwnProperty' from target object  no-prototype-builtins
   1320:38  warning  Do not access Object.prototype method 'hasOwnProperty' from target object  no-prototype-builtins
   1350:14  warning  Do not access Object.prototype method 'hasOwnProperty' from target object  no-prototype-builtins
   1419:34  warning  'MSApp' is not defined                                                     no-undef
   1421:11  warning  'MSApp' is not defined                                                     no-undef
   1505:51  warning  Do not access Object.prototype method 'hasOwnProperty' from target object  no-prototype-builtins
   1512:11  warning  Do not access Object.prototype method 'hasOwnProperty' from target object  no-prototype-builtins
   1651:7   warning  Expected to return a value in method 'get'                                 getter-return
   1660:22  warning  'r' is defined but never used                                              no-unused-vars
   1660:25  warning  'o' is defined but never used                                              no-unused-vars
   1660:28  warning  'l' is defined but never used                                              no-unused-vars
   1660:31  warning  'i' is defined but never used                                              no-unused-vars
   1660:34  warning  's' is defined but never used                                              no-unused-vars
   1660:37  warning  'a' is defined but never used                                              no-unused-vars
   1677:13  warning  'e' is defined but never used                                              no-unused-vars
   1677:16  warning  't' is defined but never used                                              no-unused-vars
   1677:19  warning  'n' is defined but never used                                              no-unused-vars
   1677:22  warning  'r' is defined but never used                                              no-unused-vars
   1677:25  warning  'o' is defined but never used                                              no-unused-vars
   1677:28  warning  'l' is defined but never used                                              no-unused-vars
   1677:31  warning  'i' is defined but never used                                              no-unused-vars
   1677:34  warning  's' is defined but never used                                              no-unused-vars
   1677:37  warning  'a' is defined but never used                                              no-unused-vars
   1680:13  warning  'e' is defined but never used                                              no-unused-vars
   1680:16  warning  't' is defined but never used                                              no-unused-vars
   1680:19  warning  'n' is defined but never used                                              no-unused-vars
   1680:22  warning  'r' is defined but never used                                              no-unused-vars
   1680:25  warning  'o' is defined but never used                                              no-unused-vars
   1680:28  warning  'l' is defined but never used                                              no-unused-vars
   1680:31  warning  'i' is defined but never used                                              no-unused-vars
   1680:34  warning  's' is defined but never used                                              no-unused-vars
   1680:37  warning  'a' is defined but never used                                              no-unused-vars
   1801:13  warning  Empty block statement                                                      no-empty
   2333:9   warning  Do not access Object.prototype method 'hasOwnProperty' from target object  no-prototype-builtins
   2352:39  warning  Invalid typeof comparison value                                            valid-typeof
   2360:40  warning  Invalid typeof comparison value                                            valid-typeof
   2495:56  warning  Expected a conditional expression and instead saw an assignment            no-cond-assign
   2913:22  warning  Do not access Object.prototype method 'hasOwnProperty' from target object  no-prototype-builtins
   3097:11  warning  Expected a 'break' statement before 'case'                                 no-fallthrough
   3113:11  warning  Expected a 'break' statement before 'case'                                 no-fallthrough
   3205:18  warning  Expected a conditional expression and instead saw an assignment            no-cond-assign
   3305:9   warning  Expected a 'break' statement before 'case'                                 no-fallthrough
   3393:8   warning  Unexpected control character(s) in regular expression: \x00                no-control-regex
   3999:13  warning  Expected a 'break' statement before 'case'                                 no-fallthrough
   4036:14  warning  Unexpected constant condition                                              no-constant-condition
   4074:13  warning  Expected a conditional expression and instead saw an assignment            no-cond-assign
   4127:15  warning  Expected a conditional expression and instead saw an assignment            no-cond-assign
   4539:12  warning  Expected a conditional expression and instead saw an assignment            no-cond-assign
   4982:15  warning  Empty block statement                                                      no-empty
   4983:17  warning  Empty block statement                                                      no-empty
   5428:12  warning  Expected a conditional expression and instead saw an assignment            no-cond-assign
   5472:10  warning  Expected a conditional expression and instead saw an assignment            no-cond-assign
   5932:14  warning  Do not access Object.prototype method 'hasOwnProperty' from target object  no-prototype-builtins
   5932:37  warning  Do not access Object.prototype method 'hasOwnProperty' from target object  no-prototype-builtins
   5935:26  warning  Do not access Object.prototype method 'hasOwnProperty' from target object  no-prototype-builtins
   5942:17  warning  Do not access Object.prototype method 'hasOwnProperty' from target object  no-prototype-builtins
   5949:11  warning  Do not access Object.prototype method 'hasOwnProperty' from target object  no-prototype-builtins
   5954:18  warning  Do not access Object.prototype method 'hasOwnProperty' from target object  no-prototype-builtins
   5955:25  warning  Do not access Object.prototype method 'hasOwnProperty' from target object  no-prototype-builtins
   5958:17  warning  Do not access Object.prototype method 'hasOwnProperty' from target object  no-prototype-builtins
   5972:19  warning  Do not access Object.prototype method 'hasOwnProperty' from target object  no-prototype-builtins
   6110:19  warning  Do not access Object.prototype method 'hasOwnProperty' from target object  no-prototype-builtins
   6123:22  warning  Do not access Object.prototype method 'hasOwnProperty' from target object  no-prototype-builtins
   6208:21  warning  Do not access Object.prototype method 'hasOwnProperty' from target object  no-prototype-builtins
   6221:25  warning  Do not access Object.prototype method 'hasOwnProperty' from target object  no-prototype-builtins
   6729:13  warning  Empty block statement                                                      no-empty
   6733:5   warning  Expected a 'break' statement before 'case'                                 no-fallthrough
   7041:40  warning  Do not access Object.prototype method 'hasOwnProperty' from target object  no-prototype-builtins
   7120:16  warning  't' is defined but never used                                              no-unused-vars
   7120:19  warning  'n' is defined but never used                                              no-unused-vars
   7123:16  warning  't' is defined but never used                                              no-unused-vars
   7123:19  warning  'n' is defined but never used                                              no-unused-vars
   7434:12  warning  Unexpected constant condition                                              no-constant-condition
   7785:12  warning  Unexpected constant condition                                              no-constant-condition
   7807:10  warning  Unexpected constant condition                                              no-constant-condition
   8033:19  warning  Empty block statement                                                      no-empty
   8855:1   warning  'Gc' is a function                                                         no-func-assign
   8856:1   warning  'qc' is a function                                                         no-func-assign
   8891:12  warning  '__REACT_DEVTOOLS_GLOBAL_HOOK__' is not defined                            no-undef
   8895:13  warning  Empty block statement                                                      no-empty
   8987:14  warning  '__REACT_DEVTOOLS_GLOBAL_HOOK__' is not defined                            no-undef
   8991:7   warning  '__REACT_DEVTOOLS_GLOBAL_HOOK__' is not defined                            no-undef
   9039:6   warning  'xs' is a function                                                         no-func-assign
   9122:6   warning  'ws' is a function                                                         no-func-assign
   9495:9   warning  Empty block statement                                                      no-empty
   9703:5   warning  'global' is not defined                                                    no-undef
   9704:5   warning  'global' is not defined                                                    no-undef
  10364:13  warning  Do not access Object.prototype method 'hasOwnProperty' from target object  no-prototype-builtins
  10365:11  warning  Do not access Object.prototype method 'hasOwnProperty' from target object  no-prototype-builtins
  10379:12  warning  'k' is assigned to itself                                                  no-self-assign
  11833:22  warning  't' is defined but never used                                              no-unused-vars
  11834:25  warning  't' is defined but never used                                              no-unused-vars

/home/runner/work/exp-identify-regular-language-using-pumping-lemma-au/exp-identify-regular-language-using-pumping-lemma-au/experiment/simulation/js/index-qFuRdT0E.js
   9:1588   warning  Do not access Object.prototype method 'hasOwnProperty' from target object  no-prototype-builtins
   9:4551   warning  Do not access Object.prototype method 'hasOwnProperty' from target object  no-prototype-builtins
  17:376    warning  Do not access Object.prototype method 'hasOwnProperty' from target object  no-prototype-builtins
  25:909    warning  'setImmediate' is not defined                                              no-undef
  33:596    warning  Unexpected combined character in character class                           no-misleading-character-class
  33:3023   warning  Unnecessary escape character: \-                                           no-useless-escape
  33:4912   warning  Do not access Object.prototype method 'hasOwnProperty' from target object  no-prototype-builtins
  37:202    warning  Expected a conditional expression and instead saw an assignment            no-cond-assign
  37:1216   warning  Empty block statement                                                      no-empty
  37:2389   warning  Do not access Object.prototype method 'hasOwnProperty' from target object  no-prototype-builtins
  37:3869   warning  Do not access Object.prototype method 'hasOwnProperty' from target object  no-prototype-builtins
  37:3910   warning  Do not access Object.prototype method 'hasOwnProperty' from target object  no-prototype-builtins
  37:4077   warning  Do not access Object.prototype method 'hasOwnProperty' from target object  no-prototype-builtins
  37:4104   warning  Do not access Object.prototype method 'hasOwnProperty' from target object  no-prototype-builtins
  37:4695   warning  Do not access Object.prototype method 'hasOwnProperty' from target object  no-prototype-builtins
  37:6032   warning  'MSApp' is not defined                                                     no-undef
  37:6080   warning  'MSApp' is not defined                                                     no-undef
  37:7460   warning  Do not access Object.prototype method 'hasOwnProperty' from target object  no-prototype-builtins
  37:7553   warning  Do not access Object.prototype method 'hasOwnProperty' from target object  no-prototype-builtins
  37:8636   warning  Expected a conditional expression and instead saw an assignment            no-cond-assign
  37:9657   warning  Expected to return a value in method 'get'                                 getter-return
  37:9790   warning  'r' is defined but never used                                              no-unused-vars
  37:9792   warning  'i' is defined but never used                                              no-unused-vars
  37:9794   warning  'o' is defined but never used                                              no-unused-vars
  37:9796   warning  'l' is defined but never used                                              no-unused-vars
  37:9798   warning  'a' is defined but never used                                              no-unused-vars
  37:9800   warning  's' is defined but never used                                              no-unused-vars
  37:9973   warning  'e' is defined but never used                                              no-unused-vars
  37:9975   warning  't' is defined but never used                                              no-unused-vars
  37:9977   warning  'n' is defined but never used                                              no-unused-vars
  37:9979   warning  'r' is defined but never used                                              no-unused-vars
  37:9981   warning  'i' is defined but never used                                              no-unused-vars
  37:9983   warning  'o' is defined but never used                                              no-unused-vars
  37:9985   warning  'l' is defined but never used                                              no-unused-vars
  37:9987   warning  'a' is defined but never used                                              no-unused-vars
  37:9989   warning  's' is defined but never used                                              no-unused-vars
  37:10041  warning  'e' is defined but never used                                              no-unused-vars
  37:10043  warning  't' is defined but never used                                              no-unused-vars
  37:10045  warning  'n' is defined but never used                                              no-unused-vars
  37:10047  warning  'r' is defined but never used                                              no-unused-vars
  37:10049  warning  'i' is defined but never used                                              no-unused-vars
  37:10051  warning  'o' is defined but never used                                              no-unused-vars
  37:10053  warning  'l' is defined but never used                                              no-unused-vars
  37:10055  warning  'a' is defined but never used                                              no-unused-vars
  37:10057  warning  's' is defined but never used                                              no-unused-vars
  37:11890  warning  Empty block statement                                                      no-empty
  37:19770  warning  Do not access Object.prototype method 'hasOwnProperty' from target object  no-prototype-builtins
  37:20113  warning  Invalid typeof comparison value                                            valid-typeof
  37:20287  warning  Invalid typeof comparison value                                            valid-typeof
  37:22159  warning  Expected a conditional expression and instead saw an assignment            no-cond-assign
  37:27704  warning  Expected a conditional expression and instead saw an assignment            no-cond-assign
  37:29170  warning  Do not access Object.prototype method 'hasOwnProperty' from target object  no-prototype-builtins
  37:33271  warning  Expected a 'break' statement before 'case'                                 no-fallthrough
  37:33458  warning  Expected a 'break' statement before 'case'                                 no-fallthrough
  37:34575  warning  Expected a conditional expression and instead saw an assignment            no-cond-assign
  37:36020  warning  Expected a 'break' statement before 'case'                                 no-fallthrough
  37:37450  warning  Unexpected control character(s) in regular expression: \x00                no-control-regex
  38:1506   warning  Expected a conditional expression and instead saw an assignment            no-cond-assign
  38:1606   warning  Expected a conditional expression and instead saw an assignment            no-cond-assign
  38:9011   warning  Expected a 'break' statement before 'case'                                 no-fallthrough
  38:9468   warning  Unexpected constant condition                                              no-constant-condition
  38:10080  warning  Expected a conditional expression and instead saw an assignment            no-cond-assign
  38:10943  warning  Expected a conditional expression and instead saw an assignment            no-cond-assign
  38:18235  warning  Expected a conditional expression and instead saw an assignment            no-cond-assign
  38:24804  warning  Empty block statement                                                      no-empty
  38:24813  warning  Empty block statement                                                      no-empty
  40:3968   warning  Expected a conditional expression and instead saw an assignment            no-cond-assign
  40:5090   warning  Expected a conditional expression and instead saw an assignment            no-cond-assign
  40:12874  warning  Do not access Object.prototype method 'hasOwnProperty' from target object  no-prototype-builtins
  40:12895  warning  Do not access Object.prototype method 'hasOwnProperty' from target object  no-prototype-builtins
  40:12965  warning  Do not access Object.prototype method 'hasOwnProperty' from target object  no-prototype-builtins
  40:13147  warning  Do not access Object.prototype method 'hasOwnProperty' from target object  no-prototype-builtins
  40:13249  warning  Do not access Object.prototype method 'hasOwnProperty' from target object  no-prototype-builtins
  40:13329  warning  Do not access Object.prototype method 'hasOwnProperty' from target object  no-prototype-builtins
  40:13353  warning  Do not access Object.prototype method 'hasOwnProperty' from target object  no-prototype-builtins
  40:13405  warning  Do not access Object.prototype method 'hasOwnProperty' from target object  no-prototype-builtins
  40:13760  warning  Do not access Object.prototype method 'hasOwnProperty' from target object  no-prototype-builtins
  40:15957  warning  Do not access Object.prototype method 'hasOwnProperty' from target object  no-prototype-builtins
  40:16236  warning  Do not access Object.prototype method 'hasOwnProperty' from target object  no-prototype-builtins
  40:16683  warning  Unnecessary escape character: \/                                           no-useless-escape
  40:17565  warning  Do not access Object.prototype method 'hasOwnProperty' from target object  no-prototype-builtins
  40:17874  warning  Do not access Object.prototype method 'hasOwnProperty' from target object  no-prototype-builtins
  40:25897  warning  Empty block statement                                                      no-empty
  40:25932  warning  Expected a 'break' statement before 'case'                                 no-fallthrough
  40:30010  warning  Do not access Object.prototype method 'hasOwnProperty' from target object  no-prototype-builtins
  40:30990  warning  't' is defined but never used                                              no-unused-vars
  40:30992  warning  'n' is defined but never used                                              no-unused-vars
  40:31019  warning  't' is defined but never used                                              no-unused-vars
  40:31021  warning  'n' is defined but never used                                              no-unused-vars
  40:34711  warning  Unexpected constant condition                                              no-constant-condition
  40:39225  warning  Unexpected constant condition                                              no-constant-condition
  40:39515  warning  Unexpected constant condition                                              no-constant-condition
  40:42506  warning  Empty block statement                                                      no-empty
  40:52926  warning  Expected a conditional expression and instead saw an assignment            no-cond-assign
  40:54327  warning  'qc' is a function                                                         no-func-assign
  40:54333  warning  'Jc' is a function                                                         no-func-assign
  40:55250  warning  '__REACT_DEVTOOLS_GLOBAL_HOOK__' is not defined                            no-undef
  40:55349  warning  Empty block statement                                                      no-empty
  40:57381  warning  '__REACT_DEVTOOLS_GLOBAL_HOOK__' is not defined                            no-undef
  40:57438  warning  '__REACT_DEVTOOLS_GLOBAL_HOOK__' is not defined                            no-undef
  44:626    warning  'Sa' is a function                                                         no-func-assign
  44:1900   warning  'Ea' is a function                                                         no-func-assign
  44:7966   warning  Empty block statement                                                      no-empty
  44:10834  warning  'global' is not defined                                                    no-undef
  44:10852  warning  'global' is not defined                                                    no-undef
  44:23002  warning  Do not access Object.prototype method 'hasOwnProperty' from target object  no-prototype-builtins
  44:23026  warning  Do not access Object.prototype method 'hasOwnProperty' from target object  no-prototype-builtins
  44:23220  warning  'j' is assigned to itself                                                  no-self-assign
  44:46324  warning  't' is defined but never used                                              no-unused-vars
  44:46350  warning  't' is defined but never used                                              no-unused-vars

✖ 214 problems (0 errors, 214 warnings)

